Wed Mar 29 01:49:01 2023

filepath: /data/geQian/packing_gq/dataset/WV.txt, max_length: 2, times: 10000, eps: 0.01
Vertice num = 7115
Edge num = 103689
loading graph takes 0.03 s.
sort_node start ! 

sort node finished 

正在Init_NP
Init_NP finished. cost 0.78 s, NP_l size is 3
开始计算SimRank
compute IncrementalSimRank(R, 1), get_second_possibility() already cost 0 s
compute IncrementalSimRank(R, 2), get_second_possibility() already cost 0 s
Compute SimRank finished. total cost 577.73 s
get_second_possibility() total cost 1.01 s
NP_l[0] = 7115
NP_l[1] = 103689
NP_l[2] = 1831112

RNP_l[0] = 7115
RNP_l[1] = 103689
RNP_l[2] = 1831112
M_l[0] = 0
M_l[1] = 14229321
M_l[2] = 1686685122
开始保存结果,./result/WV/times10000_length2.txt
Compute finish
