Tue Feb 14 14:32:07 2023

CG , eps_init = 0.1, topk = 1000, output_full = 0
output_full = 0
dataname = ../../dataset/CG.txt
Vertice num = 5242
Edge num = 28969
loading graph takes 0.01 s.
sort_node start ! 
7: 3 |2220: 3 |1448: 3 |8: 4 |0: 8 |1446: 9 |1081: 9 |1442: 9 |746: 23 |1088: 26 |
sort node finished 
7: 3 |2220: 3 |1448: 3 |8: 4 |0: 8 |1446: 9 |1081: 9 |1442: 9 |746: 23 |1088: 26 |
n = 5242, m = 28969
rlp start
rbspush start
pushsize = 74028
norandom num = 78250
inital finished , use time = 0.025662
L = 4
pushsize = 74028
**** 0 **** pushnum = 4633
clear hash map use time = 0
norandom num = 8672
cycle finished 
cycle use time = 0.043921, ppr inc use time = 0.012508, all use time = 0.056619
pushsize = 86898
**** 1 **** pushnum = 4557
clear hash map use time = 0.005962
norandom num = 4969
cycle finished 
cycle use time = 0.035795, ppr inc use time = 0.012862, all use time = 0.054886
pushsize = 63811
**** 2 **** pushnum = 4416
clear hash map use time = 0.008479
norandom num = 3592
cycle finished 
cycle use time = 0.025245, ppr inc use time = 0.009426, all use time = 0.043373
pushsize = 36768
**** 3 **** pushnum = 3844
clear hash map use time = 0.005204
norandom num = 1837
cycle finished 
cycle use time = 0.014326, ppr inc use time = 0.005322, all use time = 0.025066
allnorandom num = 97320
new topk = 633, ans.size() = 2055
MAB start !! topk = 633, eps_min = 0.1, sample_num = 1000
candidates num = 2055
****turns = 0 ***** 
topk*rho = 506.4, vecB[topk*rho] = 2.2
****turns = 1 ***** 
topk*rho = 506.4, vecB[topk*rho] = 0.872755
****turns = 2 ***** 
topk*rho = 506.4, vecB[topk*rho] = 0.0241155
rlp finish, use time = 3.52097
use mem = 18416 KB
outputfile = ../result/CG/topk_1000.000000
finish writing!!
