Tue Feb 14 17:48:37 2023

CG , eps_init = 0.1, topk = 5000, output_full = 0
output_full = 0
dataname = ../../dataset/CG.txt
Vertice num = 5242
Edge num = 28969
loading graph takes 0.01 s.
sort_node start ! 
7: 3 |2220: 3 |1448: 3 |8: 4 |0: 8 |1446: 9 |1081: 9 |1442: 9 |746: 23 |1088: 26 |
sort node finished 
7: 3 |2220: 3 |1448: 3 |8: 4 |0: 8 |1446: 9 |1081: 9 |1442: 9 |746: 23 |1088: 26 |
n = 5242, m = 28969
rlp start
***turn 0 **** starts
eps = 0.1, theta = 0.3
rbspush start
pushsize = 73938
norandom num = 78250
inital finished , use time = 0.025136
L = 4
pushsize = 73938
**** 0 **** pushnum = 4634
clear hash map use time = 0
norandom num = 8670
cycle finished 
cycle use time = 0.042911, ppr inc use time = 0.012001, all use time = 0.055125
pushsize = 86937
**** 1 **** pushnum = 4567
clear hash map use time = 0.005636
norandom num = 4999
cycle finished 
cycle use time = 0.035643, ppr inc use time = 0.013796, all use time = 0.055373
pushsize = 66366
**** 2 **** pushnum = 4385
clear hash map use time = 0.008783
norandom num = 3676
cycle finished 
cycle use time = 0.02769, ppr inc use time = 0.010336, all use time = 0.047081
pushsize = 44705
**** 3 **** pushnum = 3887
clear hash map use time = 0.006648
norandom num = 2427
cycle finished 
cycle use time = 0.0197, ppr inc use time = 0.006335, all use time = 0.032909
allnorandom num = 98022
