Tue Feb 14 14:32:20 2023

CG , eps_init = 0.1, topk = 5000, output_full = 0
output_full = 0
dataname = ../../dataset/CG.txt
Vertice num = 5242
Edge num = 28969
loading graph takes 0 s.
sort_node start ! 
7: 3 |2220: 3 |1448: 3 |8: 4 |0: 8 |1446: 9 |1081: 9 |1442: 9 |746: 23 |1088: 26 |
sort node finished 
7: 3 |2220: 3 |1448: 3 |8: 4 |0: 8 |1446: 9 |1081: 9 |1442: 9 |746: 23 |1088: 26 |
n = 5242, m = 28969
rlp start
rbspush start
pushsize = 74690
norandom num = 78250
inital finished , use time = 0.025868
L = 4
pushsize = 74690
**** 0 **** pushnum = 4634
clear hash map use time = 1e-06
norandom num = 8675
cycle finished 
cycle use time = 0.043775, ppr inc use time = 0.012833, all use time = 0.056975
pushsize = 87129
**** 1 **** pushnum = 4565
clear hash map use time = 0.005362
norandom num = 4975
cycle finished 
cycle use time = 0.037868, ppr inc use time = 0.012478, all use time = 0.055993
pushsize = 66036
**** 2 **** pushnum = 4345
clear hash map use time = 0.009432
norandom num = 4002
cycle finished 
cycle use time = 0.027274, ppr inc use time = 0.009845, all use time = 0.046824
pushsize = 42442
**** 3 **** pushnum = 3830
clear hash map use time = 0.005612
norandom num = 2307
cycle finished 
cycle use time = 0.016961, ppr inc use time = 0.006753, all use time = 0.029543
allnorandom num = 98209
rbspush start
pushsize = 92006
norandom num = 85513
inital finished , use time = 0.030287
L = 4
pushsize = 92006
**** 0 **** pushnum = 4642
clear hash map use time = 0.002013
norandom num = 9019
cycle finished 
cycle use time = 0.048986, ppr inc use time = 0.014933, all use time = 0.066522
pushsize = 106534
**** 1 **** pushnum = 4578
clear hash map use time = 0.006809
norandom num = 5198
cycle finished 
cycle use time = 0.044894, ppr inc use time = 0.019248, all use time = 0.071153
pushsize = 82023
**** 2 **** pushnum = 4485
clear hash map use time = 0.009736
norandom num = 4219
cycle finished 
cycle use time = 0.038415, ppr inc use time = 0.012086, all use time = 0.060661
pushsize = 50246
**** 3 **** pushnum = 4013
clear hash map use time = 0.010938
norandom num = 2717
cycle finished 
cycle use time = 0.025015, ppr inc use time = 0.009516, all use time = 0.045923
allnorandom num = 106666
rbspush start
pushsize = 98237
norandom num = 93200
inital finished , use time = 0.044622
L = 4
pushsize = 98237
**** 0 **** pushnum = 4645
clear hash map use time = 0.00352
norandom num = 9424
cycle finished 
cycle use time = 0.058109, ppr inc use time = 0.018052, all use time = 0.079901
pushsize = 114785
**** 1 **** pushnum = 4593
clear hash map use time = 0.010076
norandom num = 5337
cycle finished 
cycle use time = 0.059113, ppr inc use time = 0.022746, all use time = 0.09212
pushsize = 85768
**** 2 **** pushnum = 4507
clear hash map use time = 0.011844
norandom num = 4404
cycle finished 
cycle use time = 0.044884, ppr inc use time = 0.01706, all use time = 0.073984
pushsize = 57914
**** 3 **** pushnum = 4003
clear hash map use time = 0.013746
norandom num = 2215
cycle finished 
cycle use time = 0.031517, ppr inc use time = 0.014858, all use time = 0.06032
allnorandom num = 114580
rbspush start
pushsize = 105940
norandom num = 100980
inital finished , use time = 0.051125
L = 5
pushsize = 105940
**** 0 **** pushnum = 4647
clear hash map use time = 0.007879
norandom num = 10176
cycle finished 
cycle use time = 0.075664, ppr inc use time = 0.032885, all use time = 0.116651
pushsize = 132607
**** 1 **** pushnum = 4598
clear hash map use time = 0.01532
norandom num = 5597
cycle finished 
cycle use time = 0.065798, ppr inc use time = 0.026921, all use time = 0.108284
pushsize = 104394
**** 2 **** pushnum = 4515
clear hash map use time = 0.020764
norandom num = 4294
cycle finished 
cycle use time = 0.058486, ppr inc use time = 0.023152, all use time = 0.102636
pushsize = 70539
**** 3 **** pushnum = 4170
clear hash map use time = 0.018064
norandom num = 2548
cycle finished 
cycle use time = 0.039507, ppr inc use time = 0.015077, all use time = 0.072866
pushsize = 43138
**** 4 **** pushnum = 3643
clear hash map use time = 0.009112
norandom num = 1191
cycle finished 
cycle use time = 0.018549, ppr inc use time = 0.007547, all use time = 0.035414
allnorandom num = 124786
new topk = 4633, ans.size() = 5031
MAB start !! topk = 4633, eps_min = 0.0729, sample_num = 1000
candidates num = 5031
****turns = 0 ***** 
topk*rho = 3706.4, vecB[topk*rho] = 2.2
****turns = 1 ***** 
topk*rho = 3706.4, vecB[topk*rho] = 1.27952
****turns = 2 ***** 
topk*rho = 3706.4, vecB[topk*rho] = 0.0600179
rlp finish, use time = 4.91056
use mem = 30772 KB
outputfile = ../result/CG/topk_5000.000000
finish writing!!
