
old nnz is 5783915
new nnz is 2097151, slist[nnz]: 9.16534e-05, reading in ../middle_file/CG graph takes 2.52 s
U_x_beta: 
[0.456561, 0.633332, 0.686592, 0.68502, 0.659812, 0.625256, 0.587874, 0.5506, 0.514705, 0.480692, 0.448714, 0.418764, ]
轮次：100 finished, cur_beta: 0.1, cur best beta: 1e+30, cur best b1: 1, cur best b2: 1e+30, total cost 0.04 s

U_x_beta: 
[0.416952, 0.534951, 0.538927, 0.500715, 0.449564, 0.397303, 0.348453, 0.304468, 0.265543, 0.231382, 0.201522, 0.175475, ]
轮次：200 finished, cur_beta: 0.2, cur best beta: 1e+30, cur best b1: 1, cur best b2: 1e+30, total cost 0.06 s

U_x_beta: 
[0.380832, 0.451969, 0.423157, 0.366129, 0.306427, 0.252554, 0.20662, 0.168429, 0.137051, 0.11142, 0.0905411, 0.0735586, ]
轮次：300 finished, cur_beta: 0.3, cur best beta: 0.297, cur best b1: 0.002, cur best b2: 0.775, total cost 0.08 s

U_x_beta: 
[0.347888, 0.381958, 0.332365, 0.267814, 0.208942, 0.160603, 0.122566, 0.0932105, 0.0707625, 0.0536742, 0.040695, 0.0308477, ]
轮次：400 finished, cur_beta: 0.4, cur best beta: 0.377, cur best b1: 0.004, cur best b2: 0.833, total cost 0.11 s

U_x_beta: 
[0.317837, 0.322876, 0.261139, 0.195971, 0.142525, 0.10217, 0.0727345, 0.051604, 0.0365506, 0.0258668, 0.0182982, 0.0129415, ]
轮次：500 finished, cur_beta: 0.5, cur best beta: 0.493, cur best b1: 0.011, cur best b2: 0.925, total cost 0.14 s

U_x_beta: 
[0.290422, 0.273003, 0.205244, 0.143452, 0.0972569, 0.0650218, 0.0431798, 0.0285807, 0.0188868, 0.0124707, 0.00823092, 0.00543148, ]
轮次：600 finished, cur_beta: 0.6, cur best beta: 0.597, cur best b1: 0.027, cur best b2: 1.016, total cost 0.17 s

U_x_beta: 
[0.265408, 0.230894, 0.161366, 0.105046, 0.0663919, 0.0413967, 0.0256444, 0.0158356, 0.00976326, 0.00601469, 0.00370392, 0.00228048, ]
轮次：700 finished, cur_beta: 0.7, cur best beta: 0.7, cur best b1: 0.066, cur best b2: 1.185, total cost 0.21 s

U_x_beta: 
[0.242581, 0.195332, 0.12691, 0.0769499, 0.0453394, 0.0263658, 0.0152361, 0.0087775, 0.00504899, 0.00290207, 0.00166743, 0.000957869, ]
轮次：800 finished, cur_beta: 0.8, cur best beta: 0.8, cur best b1: 0.158, cur best b2: 1.707, total cost 0.25 s

U_x_beta: 
[0.221749, 0.165289, 0.0998438, 0.0563893, 0.0309743, 0.0167992, 0.00905586, 0.00486719, 0.00261208, 0.0014008, 0.000750946, 0.000402495, ]
轮次：900 finished, cur_beta: 0.9, cur best beta: 0.9, cur best b1: 0.377, cur best b2: 2.506, total cost 0.31 s

U_x_beta: 
[0.202733, 0.139904, 0.0785761, 0.0413374, 0.0211687, 0.0107079, 0.00538464, 0.00269997, 0.00135189, 0.000676425, 0.000338332, 0.000169196, ]
轮次：1000 finished, cur_beta: 1, cur best beta: 1, cur best b1: 0.897, cur best b2: 3.931, total cost 0.4 s

U_x_beta: 
[0.185373, 0.118448, 0.061859, 0.0303144, 0.0144728, 0.00682793, 0.00320298, 0.00149835, 0.000699959, 0.000326765, 0.000152493, 7.11527e-05, ]
轮次：1100 finished, cur_beta: 1.1, cur best beta: 1.063, cur best b1: 1.543, cur best b2: 5.219, total cost 0.51 s

U_x_beta: 
[0.169523, 0.100309, 0.0487145, 0.0222388, 0.00989868, 0.00435557, 0.00190601, 0.000831837, 0.000362556, 0.000157916, 6.87593e-05, 2.99341e-05, ]
轮次：1200 finished, cur_beta: 1.2, cur best beta: 1.063, cur best b1: 1.543, cur best b2: 5.219, total cost 0.66 s

U_x_beta: 
[0.155049, 0.0849701, 0.0383757, 0.0163205, 0.0067728, 0.00277952, 0.00113466, 0.000461995, 0.000187867, 7.63463e-05, 3.10161e-05, 1.25984e-05, ]
轮次：1300 finished, cur_beta: 1.3, cur best beta: 1.063, cur best b1: 1.543, cur best b2: 5.219, total cost 0.89 s

U_x_beta: 
[0.14183, 0.0719954, 0.0302411, 0.0119815, 0.00463579, 0.00177446, 0.000675742, 0.00025669, 9.73868e-05, 3.69253e-05, 1.39964e-05, 5.30444e-06, ]
轮次：1400 finished, cur_beta: 1.4, cur best beta: 1.063, cur best b1: 1.543, cur best b2: 5.219, total cost 1.26 s

U_x_beta: 
[0.129757, 0.0610178, 0.0238386, 0.00879934, 0.00317428, 0.00113326, 0.000402592, 0.000142677, 5.05035e-05, 1.78662e-05, 6.31853e-06, 2.23427e-06, ]
轮次：1500 finished, cur_beta: 1.5, cur best beta: 1.063, cur best b1: 1.543, cur best b2: 5.219, total cost 2.07 s

U_x_beta: 
[0.118727, 0.0517274, 0.0187978, 0.00646465, 0.00217437, 0.000724041, 0.00023995, 7.93356e-05, 2.62009e-05, 8.64799e-06, 2.85358e-06, 9.41465e-07, ]
轮次：1600 finished, cur_beta: 1.6, cur best beta: 1.063, cur best b1: 1.543, cur best b2: 5.219, total cost 2.91 s

U_x_beta: 
[0.108649, 0.043863, 0.0148277, 0.00475113, 0.00148999, 0.00046277, 0.00014307, 4.41322e-05, 1.35982e-05, 4.18764e-06, 1.28925e-06, 3.96867e-07, ]
轮次：1700 finished, cur_beta: 1.7, cur best beta: 1.063, cur best b1: 1.543, cur best b2: 5.219, total cost 3.7 s

U_x_beta: 
[0.099441, 0.0372038, 0.0117, 0.00349305, 0.00102141, 0.000295893, 8.53383e-05, 2.45591e-05, 7.06023e-06, 2.02859e-06, 5.82714e-07, 1.67363e-07, ]
轮次：1800 finished, cur_beta: 1.8, cur best beta: 1.063, cur best b1: 1.543, cur best b2: 5.219, total cost 4.44 s

U_x_beta: 
[0.0910254, 0.0315638, 0.00923497, 0.00256903, 0.000700453, 0.000189266, 5.09225e-05, 1.36723e-05, 3.66714e-06, 9.83085e-07, 2.63478e-07, 7.06061e-08, ]
轮次：1900 finished, cur_beta: 1.9, cur best beta: 1.063, cur best b1: 1.543, cur best b2: 5.219, total cost 5.15 s

U_x_beta: 
[0.0833333, 0.0267857, 0.00729167, 0.00189012, 0.000480531, 0.000121109, 3.03979e-05, 7.61446e-06, 1.90548e-06, 4.76604e-07, 1.1918e-07, 2.97987e-08, ]
轮次：2000 finished, cur_beta: 2, cur best beta: 1.063, cur best b1: 1.543, cur best b2: 5.219, total cost 5.82 s

best_U_x_beta[9]: 0.191612, best_U_x_beta[10]: 0.12597, best_U_x_beta[11]: 0.067581, best_U_x_beta[12]: 0.0339991, best_U_x_beta[13]: 0.0166585, best_U_x_beta[14]: 0.00806441, best_U_x_beta[15]: 0.00388157, best_U_x_beta[16]: 0.00186302, best_U_x_beta[17]: 0.000892944, best_U_x_beta[18]: 0.00042769, best_U_x_beta[19]: 0.000204778, best_U_x_beta[20]: 9.80311e-05, ===============================
 run finished. total cost 5.82 s
best b1 is 1.543, best b2 is 5.219, best beta is 1.063
x_: 
[9, 10, 11, 12, 13, 14, 15, 16, 17, 18, 19, 20, ]
S_x: 
[0.295819, 0.229018, 0.177879, 0.124409, 0.0773619, 0.0420877, 0.0175154, 0.00649272, 0.00259548, 0.001055, 0.000412343, 0.000151791, ]
best_U_x_beta: 
[0.191612, 0.12597, 0.067581, 0.0339991, 0.0166585, 0.00806441, 0.00388157, 0.00186302, 0.000892944, 0.00042769, 0.000204778, 9.80311e-05, ]
b1* U_x: 
[0.295658, 0.194372, 0.104277, 0.0524606, 0.0257041, 0.0124434, 0.00598926, 0.00287465, 0.00137781, 0.000659926, 0.000315973, 0.000151262, ]
b2* U_x: 
[1.00002, 0.657437, 0.352705, 0.177441, 0.0869407, 0.0420881, 0.0202579, 0.00972312, 0.00466027, 0.00223211, 0.00106874, 0.000511625, ]



old nnz is 2679481
new nnz is 524287, slist[nnz]: 0.00164896, reading in ../middle_file/WV graph takes 1.17 s
U_x_beta: 
[0.456561, 0.633332, 0.686592, 0.68502, 0.659812, 0.625256, 0.587874, 0.5506, 0.514705, 0.480692, 0.448714, 0.418764, 0.390767, 0.36462, 0.340213, 0.317434, 0.296179, ]
轮次：100 finished, cur_beta: 0.1, cur best beta: 0.1, cur best b1: 0.007, cur best b2: 0.658, total cost 0.03 s

U_x_beta: 
[0.416952, 0.534951, 0.538927, 0.500715, 0.449564, 0.397303, 0.348453, 0.304468, 0.265543, 0.231382, 0.201522, 0.175475, 0.152778, 0.133008, 0.115794, 0.100806, 0.0877571, ]
轮次：200 finished, cur_beta: 0.2, cur best beta: 0.198, cur best b1: 0.023, cur best b2: 0.719, total cost 0.05 s

U_x_beta: 
[0.380832, 0.451969, 0.423157, 0.366129, 0.306427, 0.252554, 0.20662, 0.168429, 0.137051, 0.11142, 0.0905411, 0.0735586, 0.0597548, 0.0485386, 0.0394267, 0.0320249, 0.0260125, ]
轮次：300 finished, cur_beta: 0.3, cur best beta: 0.3, cur best b1: 0.079, cur best b2: 0.789, total cost 0.08 s

U_x_beta: 
[0.347888, 0.381958, 0.332365, 0.267814, 0.208942, 0.160603, 0.122566, 0.0932105, 0.0707625, 0.0536742, 0.040695, 0.0308477, 0.0233807, 0.0177202, 0.0134298, 0.010178, 0.00771353, ]
轮次：400 finished, cur_beta: 0.4, cur best beta: 0.4, cur best b1: 0.269, cur best b2: 0.863, total cost 0.12 s

U_x_beta: 
[0.317837, 0.322876, 0.261139, 0.195971, 0.142525, 0.10217, 0.0727345, 0.051604, 0.0365506, 0.0258668, 0.0182982, 0.0129415, 0.00915196, 0.00647175, 0.00457634, 0.003236, 0.00228821, ]
轮次：500 finished, cur_beta: 0.5, cur best beta: 0.495, cur best b1: 0.709, cur best b2: 0.94, total cost 0.16 s

U_x_beta: 
[0.290422, 0.273003, 0.205244, 0.143452, 0.0972569, 0.0650218, 0.0431798, 0.0285807, 0.0188868, 0.0124707, 0.00823092, 0.00543148, 0.0035838, 0.00236455, 0.00156006, 0.00102927, 0.000679067, ]
轮次：600 finished, cur_beta: 0.6, cur best beta: 0.495, cur best b1: 0.709, cur best b2: 0.94, total cost 0.24 s

U_x_beta: 
[0.265408, 0.230894, 0.161366, 0.105046, 0.0663919, 0.0413967, 0.0256444, 0.0158356, 0.00976326, 0.00601469, 0.00370392, 0.00228048, 0.00140393, 0.000864265, 0.000532031, 0.000327507, 0.000201606, ]
轮次：700 finished, cur_beta: 0.7, cur best beta: 0.495, cur best b1: 0.709, cur best b2: 0.94, total cost 0.46 s

U_x_beta: 
[0.242581, 0.195332, 0.12691, 0.0769499, 0.0453394, 0.0263658, 0.0152361, 0.0087775, 0.00504899, 0.00290207, 0.00166743, 0.000957869, 0.000550203, 0.000316024, 0.000181512, 0.000104253, 5.98778e-05, ]
轮次：800 finished, cur_beta: 0.8, cur best beta: 0.495, cur best b1: 0.709, cur best b2: 0.94, total cost 1.18 s

U_x_beta: 
[0.221749, 0.165289, 0.0998438, 0.0563893, 0.0309743, 0.0167992, 0.00905586, 0.00486719, 0.00261208, 0.0014008, 0.000750946, 0.000402495, 0.000215712, 0.000115602, 6.19511e-05, 3.31992e-05, 1.77911e-05, ]
轮次：900 finished, cur_beta: 0.9, cur best beta: 0.495, cur best b1: 0.709, cur best b2: 0.94, total cost 2.79 s

U_x_beta: 
[0.202733, 0.139904, 0.0785761, 0.0413374, 0.0211687, 0.0107079, 0.00538464, 0.00269997, 0.00135189, 0.000676425, 0.000338332, 0.000169196, 8.46052e-05, 4.23045e-05, 2.11527e-05, 1.05765e-05, 5.28826e-06, ]
轮次：1000 finished, cur_beta: 1, cur best beta: 0.495, cur best b1: 0.709, cur best b2: 0.94, total cost 4.21 s

U_x_beta: 
[0.185373, 0.118448, 0.061859, 0.0303144, 0.0144728, 0.00682793, 0.00320298, 0.00149835, 0.000699959, 0.000326765, 0.000152493, 7.11527e-05, 3.31967e-05, 1.54875e-05, 7.22531e-06, 3.37076e-06, 1.57253e-06, ]
轮次：1100 finished, cur_beta: 1.1, cur best beta: 0.495, cur best b1: 0.709, cur best b2: 0.94, total cost 5.43 s

U_x_beta: 
[0.169523, 0.100309, 0.0487145, 0.0222388, 0.00989868, 0.00435557, 0.00190601, 0.000831837, 0.000362556, 0.000157916, 6.87593e-05, 2.99341e-05, 1.30307e-05, 5.67216e-06, 2.469e-06, 1.07471e-06, 4.67795e-07, ]
轮次：1200 finished, cur_beta: 1.2, cur best beta: 0.495, cur best b1: 0.709, cur best b2: 0.94, total cost 6.52 s

U_x_beta: 
[0.155049, 0.0849701, 0.0383757, 0.0163205, 0.0067728, 0.00277952, 0.00113466, 0.000461995, 0.000187867, 7.63463e-05, 3.10161e-05, 1.25984e-05, 5.11696e-06, 2.07821e-06, 8.44033e-07, 3.42787e-07, 1.39216e-07, ]
轮次：1300 finished, cur_beta: 1.3, cur best beta: 0.495, cur best b1: 0.709, cur best b2: 0.94, total cost 7.51 s

U_x_beta: 
[0.14183, 0.0719954, 0.0302411, 0.0119815, 0.00463579, 0.00177446, 0.000675742, 0.00025669, 9.73868e-05, 3.69253e-05, 1.39964e-05, 5.30444e-06, 2.01016e-06, 7.61737e-07, 2.8865e-07, 1.09379e-07, 4.14471e-08, ]
轮次：1400 finished, cur_beta: 1.4, cur best beta: 0.495, cur best b1: 0.709, cur best b2: 0.94, total cost 8.43 s

U_x_beta: 
[0.129757, 0.0610178, 0.0238386, 0.00879934, 0.00317428, 0.00113326, 0.000402592, 0.000142677, 5.05035e-05, 1.78662e-05, 6.31853e-06, 2.23427e-06, 7.89991e-07, 2.79314e-07, 9.87544e-08, 3.49153e-08, 1.23445e-08, ]
轮次：1500 finished, cur_beta: 1.5, cur best beta: 0.495, cur best b1: 0.709, cur best b2: 0.94, total cost 9.28 s

U_x_beta: 
[0.118727, 0.0517274, 0.0187978, 0.00646465, 0.00217437, 0.000724041, 0.00023995, 7.93356e-05, 2.62009e-05, 8.64799e-06, 2.85358e-06, 9.41465e-07, 3.1059e-07, 1.0246e-07, 3.37998e-08, 1.11499e-08, 3.6781e-09, ]
轮次：1600 finished, cur_beta: 1.6, cur best beta: 0.495, cur best b1: 0.709, cur best b2: 0.94, total cost 10.11 s

U_x_beta: 
[0.108649, 0.043863, 0.0148277, 0.00475113, 0.00148999, 0.00046277, 0.00014307, 4.41322e-05, 1.35982e-05, 4.18764e-06, 1.28925e-06, 3.96867e-07, 1.22159e-07, 3.76e-08, 1.1573e-08, 3.56203e-09, 1.09635e-09, ]
轮次：1700 finished, cur_beta: 1.7, cur best beta: 0.495, cur best b1: 0.709, cur best b2: 0.94, total cost 10.91 s

U_x_beta: 
[0.099441, 0.0372038, 0.0117, 0.00349305, 0.00102141, 0.000295893, 8.53383e-05, 2.45591e-05, 7.06023e-06, 2.02859e-06, 5.82714e-07, 1.67363e-07, 4.80654e-08, 1.38036e-08, 3.96412e-09, 1.1384e-09, 3.26922e-10, ]
轮次：1800 finished, cur_beta: 1.8, cur best beta: 0.495, cur best b1: 0.709, cur best b2: 0.94, total cost 11.67 s

U_x_beta: 
[0.0910254, 0.0315638, 0.00923497, 0.00256903, 0.000700453, 0.000189266, 5.09225e-05, 1.36723e-05, 3.66714e-06, 9.83085e-07, 2.63478e-07, 7.06061e-08, 1.89196e-08, 5.06955e-09, 1.35838e-09, 3.6397e-10, 9.75239e-11, ]
轮次：1900 finished, cur_beta: 1.9, cur best beta: 0.495, cur best b1: 0.709, cur best b2: 0.94, total cost 12.39 s

U_x_beta: 
[0.0833333, 0.0267857, 0.00729167, 0.00189012, 0.000480531, 0.000121109, 3.03979e-05, 7.61446e-06, 1.90548e-06, 4.76604e-07, 1.1918e-07, 2.97987e-08, 7.45013e-09, 1.86259e-09, 4.65654e-10, 1.16414e-10, 2.91037e-11, ]
轮次：2000 finished, cur_beta: 2, cur best beta: 0.495, cur best b1: 0.709, cur best b2: 0.94, total cost 13.1 s

best_U_x_beta[2]: 0.319275, best_U_x_beta[3]: 0.325598, best_U_x_beta[4]: 0.264305, best_U_x_beta[5]: 0.199053, best_U_x_beta[6]: 0.145276, best_U_x_beta[7]: 0.104506, best_U_x_beta[8]: 0.0746566, best_U_x_beta[9]: 0.0531518, best_U_x_beta[10]: 0.0377777, best_U_x_beta[11]: 0.0268281, best_U_x_beta[12]: 0.0190441, best_U_x_beta[13]: 0.0135158, best_U_x_beta[14]: 0.00959129, best_U_x_beta[15]: 0.00680597, best_U_x_beta[16]: 0.00482938, best_U_x_beta[17]: 0.00342679, best_U_x_beta[18]: 0.00243153, ===============================
 run finished. total cost 13.1 s
best b1 is 0.709, best b2 is 0.94, best beta is 0.495
x_: 
[2, 3, 4, 5, 6, 7, 8, 9, 10, 11, 12, 13, 14, 15, 16, 17, 18, ]
S_x: 
[0.30011, 0.237771, 0.193888, 0.141291, 0.106874, 0.0807248, 0.0610521, 0.0450647, 0.0325015, 0.0229076, 0.0165779, 0.0121397, 0.00884112, 0.00632251, 0.00450662, 0.00315698, 0.00207555, ]
best_U_x_beta: 
[0.319275, 0.325598, 0.264305, 0.199053, 0.145276, 0.104506, 0.0746566, 0.0531518, 0.0377777, 0.0268281, 0.0190441, 0.0135158, 0.00959129, 0.00680597, 0.00482938, 0.00342679, 0.00243153, ]
b1* U_x: 
[0.226366, 0.230849, 0.187392, 0.141129, 0.103001, 0.0740944, 0.0529315, 0.0376846, 0.0267844, 0.0190211, 0.0135023, 0.0095827, 0.00680023, 0.00482543, 0.00342403, 0.00242959, 0.00172396, ]
b2* U_x: 
[0.300119, 0.306062, 0.248447, 0.18711, 0.136559, 0.0982352, 0.0701772, 0.0499627, 0.0355111, 0.0252184, 0.0179015, 0.0127048, 0.00901581, 0.00639761, 0.00453962, 0.00322118, 0.00228564, ]



old nnz is 524429013
new nnz is 16777215, slist[nnz]: 0.00131729, reading in ../middle_file/EN graph takes 225.13 s
U_x_beta: 
[0.456561, 0.633332, 0.686592, 0.68502, 0.659812, 0.625256, 0.587874, ]
轮次：100 finished, cur_beta: 0.1, cur best beta: 0.064, cur best b1: 0.003, cur best b2: 0.626, total cost 0.11 s

U_x_beta: 
[0.416952, 0.534951, 0.538927, 0.500715, 0.449564, 0.397303, 0.348453, ]
轮次：200 finished, cur_beta: 0.2, cur best beta: 0.197, cur best b1: 0.006, cur best b2: 0.707, total cost 0.13 s

U_x_beta: 
[0.380832, 0.451969, 0.423157, 0.366129, 0.306427, 0.252554, 0.20662, ]
轮次：300 finished, cur_beta: 0.3, cur best beta: 0.294, cur best b1: 0.01, cur best b2: 0.772, total cost 0.16 s

U_x_beta: 
[0.347888, 0.381958, 0.332365, 0.267814, 0.208942, 0.160603, 0.122566, ]
轮次：400 finished, cur_beta: 0.4, cur best beta: 0.396, cur best b1: 0.017, cur best b2: 0.846, total cost 0.18 s

U_x_beta: 
[0.317837, 0.322876, 0.261139, 0.195971, 0.142525, 0.10217, 0.0727345, ]
轮次：500 finished, cur_beta: 0.5, cur best beta: 0.498, cur best b1: 0.029, cur best b2: 0.928, total cost 0.2 s

U_x_beta: 
[0.290422, 0.273003, 0.205244, 0.143452, 0.0972569, 0.0650218, 0.0431798, ]
轮次：600 finished, cur_beta: 0.6, cur best beta: 0.599, cur best b1: 0.049, cur best b2: 1.016, total cost 0.23 s

U_x_beta: 
[0.265408, 0.230894, 0.161366, 0.105046, 0.0663919, 0.0413967, 0.0256444, ]
轮次：700 finished, cur_beta: 0.7, cur best beta: 0.7, cur best b1: 0.083, cur best b2: 1.113, total cost 0.26 s

U_x_beta: 
[0.242581, 0.195332, 0.12691, 0.0769499, 0.0453394, 0.0263658, 0.0152361, ]
轮次：800 finished, cur_beta: 0.8, cur best beta: 0.8, cur best b1: 0.14, cur best b2: 1.218, total cost 0.29 s

U_x_beta: 
[0.221749, 0.165289, 0.0998438, 0.0563893, 0.0309743, 0.0167992, 0.00905586, ]
轮次：900 finished, cur_beta: 0.9, cur best beta: 0.9, cur best b1: 0.235, cur best b2: 1.332, total cost 0.32 s

U_x_beta: 
[0.202733, 0.139904, 0.0785761, 0.0413374, 0.0211687, 0.0107079, 0.00538464, ]
轮次：1000 finished, cur_beta: 1, cur best beta: 1, cur best b1: 0.396, cur best b2: 1.626, total cost 0.36 s

U_x_beta: 
[0.185373, 0.118448, 0.061859, 0.0303144, 0.0144728, 0.00682793, 0.00320298, ]
轮次：1100 finished, cur_beta: 1.1, cur best beta: 1.1, cur best b1: 0.666, cur best b2: 2.098, total cost 0.41 s

U_x_beta: 
[0.169523, 0.100309, 0.0487145, 0.0222388, 0.00989868, 0.00435557, 0.00190601, ]
轮次：1200 finished, cur_beta: 1.2, cur best beta: 1.2, cur best b1: 1.119, cur best b2: 2.86, total cost 0.47 s

U_x_beta: 
[0.155049, 0.0849701, 0.0383757, 0.0163205, 0.0067728, 0.00277952, 0.00113466, ]
轮次：1300 finished, cur_beta: 1.3, cur best beta: 1.3, cur best b1: 1.881, cur best b2: 3.897, total cost 0.54 s

U_x_beta: 
[0.14183, 0.0719954, 0.0302411, 0.0119815, 0.00463579, 0.00177446, 0.000675742, ]
轮次：1400 finished, cur_beta: 1.4, cur best beta: 1.303, cur best b1: 1.909, cur best b2: 3.933, total cost 0.62 s

U_x_beta: 
[0.129757, 0.0610178, 0.0238386, 0.00879934, 0.00317428, 0.00113326, 0.000402592, ]
轮次：1500 finished, cur_beta: 1.5, cur best beta: 1.303, cur best b1: 1.909, cur best b2: 3.933, total cost 0.72 s

U_x_beta: 
[0.118727, 0.0517274, 0.0187978, 0.00646465, 0.00217437, 0.000724041, 0.00023995, ]
轮次：1600 finished, cur_beta: 1.6, cur best beta: 1.303, cur best b1: 1.909, cur best b2: 3.933, total cost 0.86 s

U_x_beta: 
[0.108649, 0.043863, 0.0148277, 0.00475113, 0.00148999, 0.00046277, 0.00014307, ]
轮次：1700 finished, cur_beta: 1.7, cur best beta: 1.303, cur best b1: 1.909, cur best b2: 3.933, total cost 1.05 s

U_x_beta: 
[0.099441, 0.0372038, 0.0117, 0.00349305, 0.00102141, 0.000295893, 8.53383e-05, ]
轮次：1800 finished, cur_beta: 1.8, cur best beta: 1.303, cur best b1: 1.909, cur best b2: 3.933, total cost 1.33 s

U_x_beta: 
[0.0910254, 0.0315638, 0.00923497, 0.00256903, 0.000700453, 0.000189266, 5.09225e-05, ]
轮次：1900 finished, cur_beta: 1.9, cur best beta: 1.303, cur best b1: 1.909, cur best b2: 3.933, total cost 1.81 s

U_x_beta: 
[0.0833333, 0.0267857, 0.00729167, 0.00189012, 0.000480531, 0.000121109, 3.03979e-05, ]
轮次：2000 finished, cur_beta: 2, cur best beta: 1.303, cur best b1: 1.909, cur best b2: 3.933, total cost 2.51 s

best_U_x_beta[17]: 0.154635, best_U_x_beta[18]: 0.0845485, best_U_x_beta[19]: 0.0381023, best_U_x_beta[20]: 0.0161698, best_U_x_beta[21]: 0.00669617, best_U_x_beta[22]: 0.00274234, best_U_x_beta[23]: 0.00111715, ===============================
 run finished. total cost 2.51 s
best b1 is 1.909, best b2 is 3.933, best beta is 1.303
x_: 
[17, 18, 19, 20, 21, 22, 23, ]
S_x: 
[0.295231, 0.195828, 0.127731, 0.0635921, 0.0234058, 0.00686284, 0.00213469, ]
best_U_x_beta: 
[0.154635, 0.0845485, 0.0381023, 0.0161698, 0.00669617, 0.00274234, 0.00111715, ]
b1* U_x: 
[0.295197, 0.161403, 0.0727372, 0.0308681, 0.012783, 0.00523512, 0.00213264, ]
b2* U_x: 
[0.608178, 0.332529, 0.149856, 0.0635958, 0.026336, 0.0107856, 0.00439376, ]



old nnz is 36732643
new nnz is 16777215, slist[nnz]: 0.00284092, reading in ../middle_file/SD graph takes 14.45 s
U_x_beta: 
[0.456561, 0.633332, 0.686592, 0.68502, 0.659812, 0.625256, 0.587874, ]
轮次：100 finished, cur_beta: 0.1, cur best beta: 0.1, cur best b1: 0.008, cur best b2: 0.595, total cost 0.12 s

U_x_beta: 
[0.416952, 0.534951, 0.538927, 0.500715, 0.449564, 0.397303, 0.348453, ]
轮次：200 finished, cur_beta: 0.2, cur best beta: 0.193, cur best b1: 0.013, cur best b2: 0.647, total cost 0.14 s

U_x_beta: 
[0.380832, 0.451969, 0.423157, 0.366129, 0.306427, 0.252554, 0.20662, ]
轮次：300 finished, cur_beta: 0.3, cur best beta: 0.293, cur best b1: 0.022, cur best b2: 0.708, total cost 0.16 s

U_x_beta: 
[0.347888, 0.381958, 0.332365, 0.267814, 0.208942, 0.160603, 0.122566, ]
轮次：400 finished, cur_beta: 0.4, cur best beta: 0.398, cur best b1: 0.038, cur best b2: 0.779, total cost 0.18 s

U_x_beta: 
[0.317837, 0.322876, 0.261139, 0.195971, 0.142525, 0.10217, 0.0727345, ]
轮次：500 finished, cur_beta: 0.5, cur best beta: 0.498, cur best b1: 0.064, cur best b2: 0.853, total cost 0.2 s

U_x_beta: 
[0.290422, 0.273003, 0.205244, 0.143452, 0.0972569, 0.0650218, 0.0431798, ]
轮次：600 finished, cur_beta: 0.6, cur best beta: 0.6, cur best b1: 0.109, cur best b2: 0.935, total cost 0.23 s

U_x_beta: 
[0.265408, 0.230894, 0.161366, 0.105046, 0.0663919, 0.0413967, 0.0256444, ]
轮次：700 finished, cur_beta: 0.7, cur best beta: 0.7, cur best b1: 0.184, cur best b2: 1.023, total cost 0.26 s

U_x_beta: 
[0.242581, 0.195332, 0.12691, 0.0769499, 0.0453394, 0.0263658, 0.0152361, ]
轮次：800 finished, cur_beta: 0.8, cur best beta: 0.8, cur best b1: 0.309, cur best b2: 1.119, total cost 0.29 s

U_x_beta: 
[0.221749, 0.165289, 0.0998438, 0.0563893, 0.0309743, 0.0167992, 0.00905586, ]
轮次：900 finished, cur_beta: 0.9, cur best beta: 0.9, cur best b1: 0.521, cur best b2: 1.224, total cost 0.33 s

U_x_beta: 
[0.202733, 0.139904, 0.0785761, 0.0413374, 0.0211687, 0.0107079, 0.00538464, ]
轮次：1000 finished, cur_beta: 1, cur best beta: 1, cur best b1: 0.877, cur best b2: 1.573, total cost 0.37 s

U_x_beta: 
[0.185373, 0.118448, 0.061859, 0.0303144, 0.0144728, 0.00682793, 0.00320298, ]
轮次：1100 finished, cur_beta: 1.1, cur best beta: 1.098, cur best b1: 1.459, cur best b2: 2.158, total cost 0.42 s

U_x_beta: 
[0.169523, 0.100309, 0.0487145, 0.0222388, 0.00989868, 0.00435557, 0.00190601, ]
轮次：1200 finished, cur_beta: 1.2, cur best beta: 1.098, cur best b1: 1.459, cur best b2: 2.158, total cost 0.48 s

U_x_beta: 
[0.155049, 0.0849701, 0.0383757, 0.0163205, 0.0067728, 0.00277952, 0.00113466, ]
轮次：1300 finished, cur_beta: 1.3, cur best beta: 1.098, cur best b1: 1.459, cur best b2: 2.158, total cost 0.56 s

U_x_beta: 
[0.14183, 0.0719954, 0.0302411, 0.0119815, 0.00463579, 0.00177446, 0.000675742, ]
轮次：1400 finished, cur_beta: 1.4, cur best beta: 1.098, cur best b1: 1.459, cur best b2: 2.158, total cost 0.66 s

U_x_beta: 
[0.129757, 0.0610178, 0.0238386, 0.00879934, 0.00317428, 0.00113326, 0.000402592, ]
轮次：1500 finished, cur_beta: 1.5, cur best beta: 1.098, cur best b1: 1.459, cur best b2: 2.158, total cost 0.81 s

U_x_beta: 
[0.118727, 0.0517274, 0.0187978, 0.00646465, 0.00217437, 0.000724041, 0.00023995, ]
轮次：1600 finished, cur_beta: 1.6, cur best beta: 1.098, cur best b1: 1.459, cur best b2: 2.158, total cost 1.06 s

U_x_beta: 
[0.108649, 0.043863, 0.0148277, 0.00475113, 0.00148999, 0.00046277, 0.00014307, ]
轮次：1700 finished, cur_beta: 1.7, cur best beta: 1.098, cur best b1: 1.459, cur best b2: 2.158, total cost 1.47 s

U_x_beta: 
[0.099441, 0.0372038, 0.0117, 0.00349305, 0.00102141, 0.000295893, 8.53383e-05, ]
轮次：1800 finished, cur_beta: 1.8, cur best beta: 1.098, cur best b1: 1.459, cur best b2: 2.158, total cost 2.17 s

U_x_beta: 
[0.0910254, 0.0315638, 0.00923497, 0.00256903, 0.000700453, 0.000189266, 5.09225e-05, ]
轮次：1900 finished, cur_beta: 1.9, cur best beta: 1.098, cur best b1: 1.459, cur best b2: 2.158, total cost 2.92 s

U_x_beta: 
[0.0833333, 0.0267857, 0.00729167, 0.00189012, 0.000480531, 0.000121109, 3.03979e-05, ]
轮次：2000 finished, cur_beta: 2, cur best beta: 1.098, cur best b1: 1.459, cur best b2: 2.158, total cost 3.63 s

best_U_x_beta[17]: 0.185705, best_U_x_beta[18]: 0.118843, best_U_x_beta[19]: 0.0621554, best_U_x_beta[20]: 0.0305029, best_U_x_beta[21]: 0.0145832, best_U_x_beta[22]: 0.00688963, best_U_x_beta[23]: 0.00323642, ===============================
 run finished. total cost 3.63 s
best b1 is 1.459, best b2 is 2.158, best beta is 1.098
x_: 
[17, 18, 19, 20, 21, 22, 23, ]
S_x: 
[0.271295, 0.180065, 0.118799, 0.0650015, 0.0314599, 0.0130237, 0.00472285, ]
best_U_x_beta: 
[0.185705, 0.118843, 0.0621554, 0.0305029, 0.0145832, 0.00688963, 0.00323642, ]
b1* U_x: 
[0.270943, 0.173392, 0.0906848, 0.0445037, 0.021277, 0.010052, 0.00472194, ]
b2* U_x: 
[0.400751, 0.256463, 0.134131, 0.0658252, 0.0314706, 0.0148678, 0.0069842, ]



old nnz is 33632927
new nnz is 16777215, slist[nnz]: 0.00180748, reading in ../middle_file/wiki_fy graph takes 13.27 s
U_x_beta: 
[0.456561, 0.633332, 0.686592, 0.68502, 0.659812, 0.625256, 0.587874, 0.5506, ]
轮次：100 finished, cur_beta: 0.1, cur best beta: 0.084, cur best b1: 0.004, cur best b2: 0.606, total cost 0.12 s

U_x_beta: 
[0.416952, 0.534951, 0.538927, 0.500715, 0.449564, 0.397303, 0.348453, 0.304468, ]
轮次：200 finished, cur_beta: 0.2, cur best beta: 0.179, cur best b1: 0.007, cur best b2: 0.661, total cost 0.14 s

U_x_beta: 
[0.380832, 0.451969, 0.423157, 0.366129, 0.306427, 0.252554, 0.20662, 0.168429, ]
轮次：300 finished, cur_beta: 0.3, cur best beta: 0.296, cur best b1: 0.014, cur best b2: 0.734, total cost 0.16 s

U_x_beta: 
[0.347888, 0.381958, 0.332365, 0.267814, 0.208942, 0.160603, 0.122566, 0.0932105, ]
轮次：400 finished, cur_beta: 0.4, cur best beta: 0.4, cur best b1: 0.026, cur best b2: 0.807, total cost 0.18 s

U_x_beta: 
[0.317837, 0.322876, 0.261139, 0.195971, 0.142525, 0.10217, 0.0727345, 0.051604, ]
轮次：500 finished, cur_beta: 0.5, cur best beta: 0.5, cur best b1: 0.047, cur best b2: 0.883, total cost 0.2 s

U_x_beta: 
[0.290422, 0.273003, 0.205244, 0.143452, 0.0972569, 0.0650218, 0.0431798, 0.0285807, ]
轮次：600 finished, cur_beta: 0.6, cur best beta: 0.599, cur best b1: 0.084, cur best b2: 0.966, total cost 0.23 s

U_x_beta: 
[0.265408, 0.230894, 0.161366, 0.105046, 0.0663919, 0.0413967, 0.0256444, 0.0158356, ]
轮次：700 finished, cur_beta: 0.7, cur best beta: 0.7, cur best b1: 0.153, cur best b2: 1.057, total cost 0.26 s

U_x_beta: 
[0.242581, 0.195332, 0.12691, 0.0769499, 0.0453394, 0.0263658, 0.0152361, 0.0087775, ]
轮次：800 finished, cur_beta: 0.8, cur best beta: 0.8, cur best b1: 0.276, cur best b2: 1.157, total cost 0.29 s

U_x_beta: 
[0.221749, 0.165289, 0.0998438, 0.0563893, 0.0309743, 0.0167992, 0.00905586, 0.00486719, ]
轮次：900 finished, cur_beta: 0.9, cur best beta: 0.9, cur best b1: 0.498, cur best b2: 1.266, total cost 0.32 s

U_x_beta: 
[0.202733, 0.139904, 0.0785761, 0.0413374, 0.0211687, 0.0107079, 0.00538464, 0.00269997, ]
轮次：1000 finished, cur_beta: 1, cur best beta: 1, cur best b1: 0.898, cur best b2: 1.384, total cost 0.36 s

U_x_beta: 
[0.185373, 0.118448, 0.061859, 0.0303144, 0.0144728, 0.00682793, 0.00320298, 0.00149835, ]
轮次：1100 finished, cur_beta: 1.1, cur best beta: 1.098, cur best b1: 1.501, cur best b2: 1.729, total cost 0.41 s

U_x_beta: 
[0.169523, 0.100309, 0.0487145, 0.0222388, 0.00989868, 0.00435557, 0.00190601, 0.000831837, ]
轮次：1200 finished, cur_beta: 1.2, cur best beta: 1.098, cur best b1: 1.501, cur best b2: 1.729, total cost 0.48 s

U_x_beta: 
[0.155049, 0.0849701, 0.0383757, 0.0163205, 0.0067728, 0.00277952, 0.00113466, 0.000461995, ]
轮次：1300 finished, cur_beta: 1.3, cur best beta: 1.098, cur best b1: 1.501, cur best b2: 1.729, total cost 0.57 s

U_x_beta: 
[0.14183, 0.0719954, 0.0302411, 0.0119815, 0.00463579, 0.00177446, 0.000675742, 0.00025669, ]
轮次：1400 finished, cur_beta: 1.4, cur best beta: 1.098, cur best b1: 1.501, cur best b2: 1.729, total cost 0.72 s

U_x_beta: 
[0.129757, 0.0610178, 0.0238386, 0.00879934, 0.00317428, 0.00113326, 0.000402592, 0.000142677, ]
轮次：1500 finished, cur_beta: 1.5, cur best beta: 1.098, cur best b1: 1.501, cur best b2: 1.729, total cost 0.97 s

U_x_beta: 
[0.118727, 0.0517274, 0.0187978, 0.00646465, 0.00217437, 0.000724041, 0.00023995, 7.93356e-05, ]
轮次：1600 finished, cur_beta: 1.6, cur best beta: 1.098, cur best b1: 1.501, cur best b2: 1.729, total cost 1.41 s

U_x_beta: 
[0.108649, 0.043863, 0.0148277, 0.00475113, 0.00148999, 0.00046277, 0.00014307, 4.41322e-05, ]
轮次：1700 finished, cur_beta: 1.7, cur best beta: 1.098, cur best b1: 1.501, cur best b2: 1.729, total cost 2.2 s

U_x_beta: 
[0.099441, 0.0372038, 0.0117, 0.00349305, 0.00102141, 0.000295893, 8.53383e-05, 2.45591e-05, ]
轮次：1800 finished, cur_beta: 1.8, cur best beta: 1.098, cur best b1: 1.501, cur best b2: 1.729, total cost 3.1 s

U_x_beta: 
[0.0910254, 0.0315638, 0.00923497, 0.00256903, 0.000700453, 0.000189266, 5.09225e-05, 1.36723e-05, ]
轮次：1900 finished, cur_beta: 1.9, cur best beta: 1.098, cur best b1: 1.501, cur best b2: 1.729, total cost 3.91 s

U_x_beta: 
[0.0833333, 0.0267857, 0.00729167, 0.00189012, 0.000480531, 0.000121109, 3.03979e-05, 7.61446e-06, ]
轮次：2000 finished, cur_beta: 2, cur best beta: 1.098, cur best b1: 1.501, cur best b2: 1.729, total cost 4.66 s

best_U_x_beta[16]: 0.185705, best_U_x_beta[17]: 0.118843, best_U_x_beta[18]: 0.0621554, best_U_x_beta[19]: 0.0305029, best_U_x_beta[20]: 0.0145832, best_U_x_beta[21]: 0.00688963, best_U_x_beta[22]: 0.00323642, best_U_x_beta[23]: 0.00151609, ===============================
 run finished. total cost 4.66 s
best b1 is 1.501, best b2 is 1.729, best beta is 1.098
x_: 
[16, 17, 18, 19, 20, 21, 22, 23, ]
S_x: 
[0.280518, 0.178463, 0.107438, 0.0503134, 0.0231894, 0.010888, 0.00486943, 0.00242604, ]
best_U_x_beta: 
[0.185705, 0.118843, 0.0621554, 0.0305029, 0.0145832, 0.00688963, 0.00323642, 0.00151609, ]
b1* U_x: 
[0.278743, 0.178383, 0.0932953, 0.0457848, 0.0218895, 0.0103413, 0.00485787, 0.00227565, ]
b2* U_x: 
[0.321083, 0.20548, 0.107467, 0.0527395, 0.0252144, 0.0119122, 0.00559577, 0.00262132, ]



old nnz is 3062184194
new nnz is 2147483647, slist[nnz]: 0.00177015, reading in ../middle_file/ND graph takes 1208.32 s
U_x_beta: 
[0.456561, 0.633332, 0.686592, 0.68502, 0.659812, 0.625256, 0.587874, 0.5506, 0.514705, ]
轮次：100 finished, cur_beta: 0.1, cur best beta: 0.082, cur best b1: 0.005, cur best b2: 0.766, total cost 12.07 s

U_x_beta: 
[0.416952, 0.534951, 0.538927, 0.500715, 0.449564, 0.397303, 0.348453, 0.304468, 0.265543, ]
轮次：200 finished, cur_beta: 0.2, cur best beta: 0.187, cur best b1: 0.01, cur best b2: 0.843, total cost 12.09 s

U_x_beta: 
[0.380832, 0.451969, 0.423157, 0.366129, 0.306427, 0.252554, 0.20662, 0.168429, 0.137051, ]
轮次：300 finished, cur_beta: 0.3, cur best beta: 0.299, cur best b1: 0.021, cur best b2: 0.933, total cost 12.12 s

U_x_beta: 
[0.347888, 0.381958, 0.332365, 0.267814, 0.208942, 0.160603, 0.122566, 0.0932105, 0.0707625, ]
轮次：400 finished, cur_beta: 0.4, cur best beta: 0.4, cur best b1: 0.041, cur best b2: 1.022, total cost 12.14 s

U_x_beta: 
[0.317837, 0.322876, 0.261139, 0.195971, 0.142525, 0.10217, 0.0727345, 0.051604, 0.0365506, ]
轮次：500 finished, cur_beta: 0.5, cur best beta: 0.499, cur best b1: 0.079, cur best b2: 1.118, total cost 12.17 s

U_x_beta: 
[0.290422, 0.273003, 0.205244, 0.143452, 0.0972569, 0.0650218, 0.0431798, 0.0285807, 0.0188868, ]
轮次：600 finished, cur_beta: 0.6, cur best beta: 0.6, cur best b1: 0.154, cur best b2: 1.224, total cost 12.21 s

U_x_beta: 
[0.265408, 0.230894, 0.161366, 0.105046, 0.0663919, 0.0413967, 0.0256444, 0.0158356, 0.00976326, ]
轮次：700 finished, cur_beta: 0.7, cur best beta: 0.7, cur best b1: 0.298, cur best b2: 1.339, total cost 12.25 s

U_x_beta: 
[0.242581, 0.195332, 0.12691, 0.0769499, 0.0453394, 0.0263658, 0.0152361, 0.0087775, 0.00504899, ]
轮次：800 finished, cur_beta: 0.8, cur best beta: 0.8, cur best b1: 0.576, cur best b2: 1.541, total cost 12.29 s

U_x_beta: 
[0.221749, 0.165289, 0.0998438, 0.0563893, 0.0309743, 0.0167992, 0.00905586, 0.00486719, 0.00261208, ]
轮次：900 finished, cur_beta: 0.9, cur best beta: 0.9, cur best b1: 1.114, cur best b2: 2.068, total cost 12.35 s

U_x_beta: 
[0.202733, 0.139904, 0.0785761, 0.0413374, 0.0211687, 0.0107079, 0.00538464, 0.00269997, 0.00135189, ]
轮次：1000 finished, cur_beta: 1, cur best beta: 0.964, cur best b1: 1.697, cur best b2: 2.632, total cost 12.42 s

U_x_beta: 
[0.185373, 0.118448, 0.061859, 0.0303144, 0.0144728, 0.00682793, 0.00320298, 0.00149835, 0.000699959, ]
轮次：1100 finished, cur_beta: 1.1, cur best beta: 0.964, cur best b1: 1.697, cur best b2: 2.632, total cost 12.51 s

U_x_beta: 
[0.169523, 0.100309, 0.0487145, 0.0222388, 0.00989868, 0.00435557, 0.00190601, 0.000831837, 0.000362556, ]
轮次：1200 finished, cur_beta: 1.2, cur best beta: 0.964, cur best b1: 1.697, cur best b2: 2.632, total cost 12.65 s

U_x_beta: 
[0.155049, 0.0849701, 0.0383757, 0.0163205, 0.0067728, 0.00277952, 0.00113466, 0.000461995, 0.000187867, ]
轮次：1300 finished, cur_beta: 1.3, cur best beta: 0.964, cur best b1: 1.697, cur best b2: 2.632, total cost 12.89 s

U_x_beta: 
[0.14183, 0.0719954, 0.0302411, 0.0119815, 0.00463579, 0.00177446, 0.000675742, 0.00025669, 9.73868e-05, ]
轮次：1400 finished, cur_beta: 1.4, cur best beta: 0.964, cur best b1: 1.697, cur best b2: 2.632, total cost 13.3 s

U_x_beta: 
[0.129757, 0.0610178, 0.0238386, 0.00879934, 0.00317428, 0.00113326, 0.000402592, 0.000142677, 5.05035e-05, ]
轮次：1500 finished, cur_beta: 1.5, cur best beta: 0.964, cur best b1: 1.697, cur best b2: 2.632, total cost 14.07 s

U_x_beta: 
[0.118727, 0.0517274, 0.0187978, 0.00646465, 0.00217437, 0.000724041, 0.00023995, 7.93356e-05, 2.62009e-05, ]
轮次：1600 finished, cur_beta: 1.6, cur best beta: 0.964, cur best b1: 1.697, cur best b2: 2.632, total cost 14.93 s

U_x_beta: 
[0.108649, 0.043863, 0.0148277, 0.00475113, 0.00148999, 0.00046277, 0.00014307, 4.41322e-05, 1.35982e-05, ]
轮次：1700 finished, cur_beta: 1.7, cur best beta: 0.964, cur best b1: 1.697, cur best b2: 2.632, total cost 15.72 s

U_x_beta: 
[0.099441, 0.0372038, 0.0117, 0.00349305, 0.00102141, 0.000295893, 8.53383e-05, 2.45591e-05, 7.06023e-06, ]
轮次：1800 finished, cur_beta: 1.8, cur best beta: 0.964, cur best b1: 1.697, cur best b2: 2.632, total cost 16.45 s

U_x_beta: 
[0.0910254, 0.0315638, 0.00923497, 0.00256903, 0.000700453, 0.000189266, 5.09225e-05, 1.36723e-05, 3.66714e-06, ]
轮次：1900 finished, cur_beta: 1.9, cur best beta: 0.964, cur best b1: 1.697, cur best b2: 2.632, total cost 17.14 s

U_x_beta: 
[0.0833333, 0.0267857, 0.00729167, 0.00189012, 0.000480531, 0.000121109, 3.03979e-05, 7.61446e-06, 1.90548e-06, ]
轮次：2000 finished, cur_beta: 2, cur best beta: 0.964, cur best b1: 1.697, cur best b2: 2.632, total cost 17.78 s

best_U_x_beta[22]: 0.209379, best_U_x_beta[23]: 0.148555, best_U_x_beta[24]: 0.0856495, best_U_x_beta[25]: 0.0462245, best_U_x_beta[26]: 0.0242765, best_U_x_beta[27]: 0.012592, best_U_x_beta[28]: 0.00649254, best_U_x_beta[29]: 0.00333787, best_U_x_beta[30]: 0.00171356, ===============================
 run finished. total cost 17.78 s
best b1 is 1.697, best b2 is 2.632, best beta is 0.964
x_: 
[22, 23, 24, 25, 26, 27, 28, 29, 30, ]
S_x: 
[0.355371, 0.263359, 0.195451, 0.116561, 0.0613552, 0.0327888, 0.017087, 0.00762937, 0.00291182, ]
best_U_x_beta: 
[0.209379, 0.148555, 0.0856495, 0.0462245, 0.0242765, 0.012592, 0.00649254, 0.00333787, 0.00171356, ]
b1* U_x: 
[0.355317, 0.252097, 0.145347, 0.078443, 0.0411972, 0.0213686, 0.0110178, 0.00566437, 0.00290791, ]
b2* U_x: 
[0.551087, 0.390996, 0.22543, 0.121663, 0.0638957, 0.0331421, 0.0170884, 0.00878528, 0.00451008, ]



old nnz is 38317885
new nnz is 16777215, slist[nnz]: 0.00275716, reading in ../middle_file/DB graph takes 15.33 s
U_x_beta: 
[0.456561, 0.633332, 0.686592, 0.68502, 0.659812, 0.625256, 0.587874, 0.5506, 0.514705, ]
轮次：100 finished, cur_beta: 0.1, cur best beta: 0.09, cur best b1: 0.008, cur best b2: 0.671, total cost 0.11 s

U_x_beta: 
[0.416952, 0.534951, 0.538927, 0.500715, 0.449564, 0.397303, 0.348453, 0.304468, 0.265543, ]
轮次：200 finished, cur_beta: 0.2, cur best beta: 0.195, cur best b1: 0.016, cur best b2: 0.738, total cost 0.14 s

U_x_beta: 
[0.380832, 0.451969, 0.423157, 0.366129, 0.306427, 0.252554, 0.20662, 0.168429, 0.137051, ]
轮次：300 finished, cur_beta: 0.3, cur best beta: 0.3, cur best b1: 0.032, cur best b2: 0.811, total cost 0.16 s

U_x_beta: 
[0.347888, 0.381958, 0.332365, 0.267814, 0.208942, 0.160603, 0.122566, 0.0932105, 0.0707625, ]
轮次：400 finished, cur_beta: 0.4, cur best beta: 0.4, cur best b1: 0.062, cur best b2: 0.888, total cost 0.19 s

U_x_beta: 
[0.317837, 0.322876, 0.261139, 0.195971, 0.142525, 0.10217, 0.0727345, 0.051604, 0.0365506, ]
轮次：500 finished, cur_beta: 0.5, cur best beta: 0.5, cur best b1: 0.12, cur best b2: 0.972, total cost 0.22 s

U_x_beta: 
[0.290422, 0.273003, 0.205244, 0.143452, 0.0972569, 0.0650218, 0.0431798, 0.0285807, 0.0188868, ]
轮次：600 finished, cur_beta: 0.6, cur best beta: 0.6, cur best b1: 0.233, cur best b2: 1.064, total cost 0.25 s

U_x_beta: 
[0.265408, 0.230894, 0.161366, 0.105046, 0.0663919, 0.0413967, 0.0256444, 0.0158356, 0.00976326, ]
轮次：700 finished, cur_beta: 0.7, cur best beta: 0.7, cur best b1: 0.45, cur best b2: 1.524, total cost 0.3 s

U_x_beta: 
[0.242581, 0.195332, 0.12691, 0.0769499, 0.0453394, 0.0263658, 0.0152361, 0.0087775, 0.00504899, ]
轮次：800 finished, cur_beta: 0.8, cur best beta: 0.8, cur best b1: 0.871, cur best b2: 2.335, total cost 0.35 s

U_x_beta: 
[0.221749, 0.165289, 0.0998438, 0.0563893, 0.0309743, 0.0167992, 0.00905586, 0.00486719, 0.00261208, ]
轮次：900 finished, cur_beta: 0.9, cur best beta: 0.866, cur best b1: 1.347, cur best b2: 3.145, total cost 0.42 s

U_x_beta: 
[0.202733, 0.139904, 0.0785761, 0.0413374, 0.0211687, 0.0107079, 0.00538464, 0.00269997, 0.00135189, ]
轮次：1000 finished, cur_beta: 1, cur best beta: 0.866, cur best b1: 1.347, cur best b2: 3.145, total cost 0.52 s

U_x_beta: 
[0.185373, 0.118448, 0.061859, 0.0303144, 0.0144728, 0.00682793, 0.00320298, 0.00149835, 0.000699959, ]
轮次：1100 finished, cur_beta: 1.1, cur best beta: 0.866, cur best b1: 1.347, cur best b2: 3.145, total cost 0.67 s

U_x_beta: 
[0.169523, 0.100309, 0.0487145, 0.0222388, 0.00989868, 0.00435557, 0.00190601, 0.000831837, 0.000362556, ]
轮次：1200 finished, cur_beta: 1.2, cur best beta: 0.866, cur best b1: 1.347, cur best b2: 3.145, total cost 0.9 s

U_x_beta: 
[0.155049, 0.0849701, 0.0383757, 0.0163205, 0.0067728, 0.00277952, 0.00113466, 0.000461995, 0.000187867, ]
轮次：1300 finished, cur_beta: 1.3, cur best beta: 0.866, cur best b1: 1.347, cur best b2: 3.145, total cost 1.29 s

U_x_beta: 
[0.14183, 0.0719954, 0.0302411, 0.0119815, 0.00463579, 0.00177446, 0.000675742, 0.00025669, 9.73868e-05, ]
轮次：1400 finished, cur_beta: 1.4, cur best beta: 0.866, cur best b1: 1.347, cur best b2: 3.145, total cost 1.94 s

U_x_beta: 
[0.129757, 0.0610178, 0.0238386, 0.00879934, 0.00317428, 0.00113326, 0.000402592, 0.000142677, 5.05035e-05, ]
轮次：1500 finished, cur_beta: 1.5, cur best beta: 0.866, cur best b1: 1.347, cur best b2: 3.145, total cost 2.81 s

U_x_beta: 
[0.118727, 0.0517274, 0.0187978, 0.00646465, 0.00217437, 0.000724041, 0.00023995, 7.93356e-05, 2.62009e-05, ]
轮次：1600 finished, cur_beta: 1.6, cur best beta: 0.866, cur best b1: 1.347, cur best b2: 3.145, total cost 3.62 s

U_x_beta: 
[0.108649, 0.043863, 0.0148277, 0.00475113, 0.00148999, 0.00046277, 0.00014307, 4.41322e-05, 1.35982e-05, ]
轮次：1700 finished, cur_beta: 1.7, cur best beta: 0.866, cur best b1: 1.347, cur best b2: 3.145, total cost 4.38 s

U_x_beta: 
[0.099441, 0.0372038, 0.0117, 0.00349305, 0.00102141, 0.000295893, 8.53383e-05, 2.45591e-05, 7.06023e-06, ]
轮次：1800 finished, cur_beta: 1.8, cur best beta: 0.866, cur best b1: 1.347, cur best b2: 3.145, total cost 5.11 s

U_x_beta: 
[0.0910254, 0.0315638, 0.00923497, 0.00256903, 0.000700453, 0.000189266, 5.09225e-05, 1.36723e-05, 3.66714e-06, ]
轮次：1900 finished, cur_beta: 1.9, cur best beta: 0.866, cur best b1: 1.347, cur best b2: 3.145, total cost 5.8 s

U_x_beta: 
[0.0833333, 0.0267857, 0.00729167, 0.00189012, 0.000480531, 0.000121109, 3.03979e-05, 7.61446e-06, 1.90548e-06, ]
轮次：2000 finished, cur_beta: 2, cur best beta: 0.866, cur best b1: 1.347, cur best b2: 3.145, total cost 6.45 s

best_U_x_beta[15]: 0.228619, best_U_x_beta[16]: 0.174941, best_U_x_beta[17]: 0.108324, best_U_x_beta[18]: 0.0626733, best_U_x_beta[19]: 0.0352569, best_U_x_beta[20]: 0.0195805, best_U_x_beta[21]: 0.0108077, best_U_x_beta[22]: 0.00594744, best_U_x_beta[23]: 0.00326799, ===============================
 run finished. total cost 6.45 s
best b1 is 1.347, best b2 is 3.145, best beta is 0.866
x_: 
[15, 16, 17, 18, 19, 20, 21, 22, 23, ]
S_x: 
[0.308751, 0.262538, 0.195303, 0.147807, 0.101159, 0.0615631, 0.0311142, 0.0123569, 0.00440229, ]
best_U_x_beta: 
[0.228619, 0.174941, 0.108324, 0.0626733, 0.0352569, 0.0195805, 0.0108077, 0.00594744, 0.00326799, ]
b1* U_x: 
[0.30795, 0.235645, 0.145912, 0.0844209, 0.0474911, 0.026375, 0.0145579, 0.00801121, 0.00440199, ]
b2* U_x: 
[0.719008, 0.550189, 0.340678, 0.197108, 0.110883, 0.0615808, 0.0339901, 0.0187047, 0.0102778, ]


