Sun Sep 17 11:15:26 2023

CG , eps = 0.05
dataname = ../../dataset/CG.txt
Vertice num = 5242
Edge num = 28969
loading graph takes 0.003264 s.
sort_node start ! 
7: 3 |2220: 3 |1448: 3 |8: 4 |0: 8 |1446: 9 |1081: 9 |1442: 9 |746: 23 |1088: 26 |
sort node finished 
7: 3 |2220: 3 |1448: 3 |8: 4 |0: 8 |1446: 9 |1081: 9 |1442: 9 |746: 23 |1088: 26 |
n = 5242, m = 28969
rlp start
rbspush start
pushsize = 76505
norandom num = 127208
inital finished , use time = 0.01437
L = 5
pushsize = 76505
**** 0 **** pushnum = 4635
clear hash map use time = 0
norandom num = 10469
cycle finished 
cycle use time = 0.004137, ppr inc use time = 0.000879, all use time = 0.005059
pushsize = 16410
**** 1 **** pushnum = 3675
clear hash map use time = 0.00021
norandom num = 1218
cycle finished 
cycle use time = 0.000372, ppr inc use time = 4.5e-05, all use time = 0.000658
pushsize = 1015
**** 2 **** pushnum = 478
clear hash map use time = 0.000133
norandom num = 3
cycle finished 
cycle use time = 3.8e-05, ppr inc use time = 1e-05, all use time = 0.00021
pushsize = 16
**** 3 **** pushnum = 6
clear hash map use time = 3.8e-05
norandom num = 0
cycle finished 
cycle use time = 1.1e-05, ppr inc use time = 1.8e-05, all use time = 8.4e-05
pushsize = 0
**** 4 **** pushnum = 0
clear hash map use time = 1.2e-05
allnorandom num = 138898
rlp finish, use time = 0.020454
use mem = 19860 KB
outputfile = ../result_eps/CG/eps_0.050000
finish writing!!
